<?xml version="1.0" encoding="UTF-8"?>
<!-- Generated by org.testng.reporters.JUnitXMLReporter -->
<testsuite hostname="zhou-PC" ignored="0" name="用户管理系统测试用例" tests="7" failures="0" timestamp="2019-10-05T19:25:50 CST" time="11.039" errors="0">
  <testcase name="loginTrue" time="2.046" classname="com.tester.cases.LoginTest"/>
  <testcase name="loginFalse" time="0.078" classname="com.tester.cases.LoginTest"/>
  <testcase name="addUser" time="0.1" classname="com.tester.cases.AddUserTest"/>
  <testcase name="getUserInfo" time="2.153" classname="com.tester.cases.GetUserInfoTest"/>
  <testcase name="updateUserInfo" time="2.152" classname="com.tester.cases.UpdateUserInfoTest"/>
  <testcase name="deleteUser" time="2.095" classname="com.tester.cases.UpdateUserInfoTest"/>
  <testcase name="getUserListInfo" time="2.117" classname="com.tester.cases.GetUserInfoListTest"/>
</testsuite> <!-- 用户管理系统测试用例 -->
